<?xml version="1.0" encoding="UTF-8"?>
<!-- Generated by org.testng.reporters.JUnitReportReporter -->
<testsuite hostname="Lenovo-PC" name="hellodear01.lohit01" tests="1" failures="0" timestamp="12 Jul 2017 01:03:38 GMT" time="0.009" errors="0">
  <testcase name="launch" time="0.009" classname="hellodear01.lohit01"/>
</testsuite> <!-- hellodear01.lohit01 -->
